<?xml version="1.0" encoding="UTF-8"?>
<!-- Generated by org.testng.reporters.JUnitXMLReporter -->
<testsuite ignored="0" hostname="ITL-LT-HP-REF-166-R08211509" failures="2" tests="5" name="ErrorValidationTest" time="30.197" errors="0" timestamp="2024-08-24T19:05:38 IST">
  <testcase classname="NAutomationTesting.ErrorValidationTest" name="ErrorMsg" time="0.695">
    <skipped/>
  </testcase> <!-- ErrorMsg -->
  <testcase classname="NAutomationTesting.ErrorValidationTest" name="ErrorMsg" time="0.537">
    <failure type="java.lang.AssertionError" message="expected [true] but found [false]">
      <![CDATA[java.lang.AssertionError: expected [true] but found [false]
at NAutomationTesting.ErrorValidationTest.ErrorMsg(ErrorValidationTest.java:34)
at java.base/java.util.ArrayList.forEach(ArrayList.java:1511)
at java.base/java.util.concurrent.FutureTask.run(FutureTask.java:264)
at java.base/java.util.concurrent.ThreadPoolExecutor.runWorker(ThreadPoolExecutor.java:1136)
at java.base/java.util.concurrent.ThreadPoolExecutor$Worker.run(ThreadPoolExecutor.java:635)
at java.base/java.lang.Thread.run(Thread.java:842)
... Removed 21 stack frames]]>
    </failure>
  </testcase> <!-- ErrorMsg -->
  <testcase classname="NAutomationTesting.ErrorValidationTest" name="getTexterror" time="0.467"/>
  <testcase classname="NAutomationTesting.ErrorValidationTest" name="getTexterror2" time="0.413"/>
  <testcase classname="NAutomationTesting.ErrorValidationTest" name="getTexterror3" time="0.486">
    <failure type="java.lang.AssertionError" message="expected [true] but found [false]">
      <![CDATA[java.lang.AssertionError: expected [true] but found [false]
at NAutomationTesting.ErrorValidationTest.getTexterror3(ErrorValidationTest.java:55)
at java.base/java.util.ArrayList.forEach(ArrayList.java:1511)
at java.base/java.util.concurrent.FutureTask.run(FutureTask.java:264)
at java.base/java.util.concurrent.ThreadPoolExecutor.runWorker(ThreadPoolExecutor.java:1136)
at java.base/java.util.concurrent.ThreadPoolExecutor$Worker.run(ThreadPoolExecutor.java:635)
at java.base/java.lang.Thread.run(Thread.java:842)
... Removed 21 stack frames]]>
    </failure>
  </testcase> <!-- getTexterror3 -->
</testsuite> <!-- ErrorValidationTest -->
